Assembler report for soc_system
Wed May 14 13:12:07 2025
Quartus Prime Version 21.1.0 Build 842 10/21/2021 SJ Lite Edition


---------------------
; Table of Contents ;
---------------------
  1. Legal Notice
  2. Assembler Summary
  3. Assembler Settings
  4. Assembler Generated Files
  5. Assembler Device Options: soc_system.sof
  6. Assembler Messages



----------------
; Legal Notice ;
----------------
Copyright (C) 2021  Intel Corporation. All rights reserved.
Your use of Intel Corporation's design tools, logic functions 
and other software and tools, and any partner logic 
functions, and any output files from any of the foregoing 
(including device programming or simulation files), and any 
associated documentation or information are expressly subject 
to the terms and conditions of the Intel Program License 
Subscription Agreement, the Intel Quartus Prime License Agreement,
the Intel FPGA IP License Agreement, or other applicable license
agreement, including, without limitation, that your use is for
the sole purpose of programming logic devices manufactured by
Intel and sold by Intel or its authorized distributors.  Please
refer to the applicable agreement for further details, at
https://fpgasoftware.intel.com/eula.



+---------------------------------------------------------------+
; Assembler Summary                                             ;
+-----------------------+---------------------------------------+
; Assembler Status      ; Successful - Wed May 14 13:12:07 2025 ;
; Revision Name         ; soc_system                            ;
; Top-level Entity Name ; soc_system_top                        ;
; Family                ; Cyclone V                             ;
; Device                ; 5CSEMA5F31C6                          ;
+-----------------------+---------------------------------------+


+----------------------------------+
; Assembler Settings               ;
+--------+---------+---------------+
; Option ; Setting ; Default Value ;
+--------+---------+---------------+


+-----------------------------------------------------------------------------------------------------------+
; Assembler Generated Files                                                                                 ;
+-----------------------------------------------------------------------------------------------------------+
; File Name                                                                                                 ;
+-----------------------------------------------------------------------------------------------------------+
; /homes/user/stud/fall23/hab2175/Documents/EmbeddedSystems/embedded-project/hw/output_files/soc_system.sof ;
+-----------------------------------------------------------------------------------------------------------+


+------------------------------------------+
; Assembler Device Options: soc_system.sof ;
+----------------+-------------------------+
; Option         ; Setting                 ;
+----------------+-------------------------+
; JTAG usercode  ; 0x00D1AFE6              ;
; Checksum       ; 0x00D1AFE6              ;
+----------------+-------------------------+


+--------------------+
; Assembler Messages ;
+--------------------+
Info: *******************************************************************
Info: Running Quartus Prime Assembler
    Info: Version 21.1.0 Build 842 10/21/2021 SJ Lite Edition
    Info: Processing started: Wed May 14 13:11:54 2025
Info: Command: quartus_asm --read_settings_files=off --write_settings_files=off soc_system -c soc_system
Info (115030): Assembler is generating device programming files
Warning (11713): The configuration of the Hard Processor Subsystem (HPS) within this design has changed.
The Preloader software that initializes the HPS requires an update.
Using hps_isw_handoff/soc_system_hps_0/, run the Preloader Support Package Generator to update your Preloader software
Info: Quartus Prime Assembler was successful. 0 errors, 1 warning
    Info: Peak virtual memory: 818 megabytes
    Info: Processing ended: Wed May 14 13:12:07 2025
    Info: Elapsed time: 00:00:13
    Info: Total CPU time (on all processors): 00:00:09


